-------------------------------------------------------------------------------
Test set: com.example.cloudconfigserver.CloudConfigServerApplicationTests
-------------------------------------------------------------------------------
Tests run: 1, Failures: 0, Errors: 1, Skipped: 0, Time elapsed: 0.702 s <<< FAILURE! - in com.example.cloudconfigserver.CloudConfigServerApplicationTests
contextLoads  Time elapsed: 0 s  <<< ERROR!
java.lang.IllegalStateException: Failed to load ApplicationContext
Caused by: org.yaml.snakeyaml.scanner.ScannerException: 
mapping values are not allowed here
 in 'reader', line 12, column 27:
                clone-on-start: true
                              ^


